  dllmain.cpp
  pch.cpp
E:\HanMei\Endscope\Program\T0.0.5\shinewinginspectiondll\CUDAMANRDLLSHADING\CUDAMANRDLL\pch.cpp(153,13): warning C4244: “初始化”: 从“double”转换到“int”，可能丢失数据
E:\HanMei\Endscope\Program\T0.0.5\shinewinginspectiondll\CUDAMANRDLLSHADING\CUDAMANRDLL\pch.cpp(191,8): warning C4273: “GetBrenner”: dll 链接不一致
E:\HanMei\Endscope\Program\T0.0.5\shinewinginspectiondll\CUDAMANRDLLSHADING\CUDAMANRDLL\pch.cpp(195,8): warning C4273: “GetTenegrad”: dll 链接不一致
E:\HanMei\Endscope\Program\T0.0.5\shinewinginspectiondll\CUDAMANRDLLSHADING\CUDAMANRDLL\pch.cpp(199,8): warning C4273: “GetLaplacian”: dll 链接不一致
E:\HanMei\Endscope\Program\T0.0.5\shinewinginspectiondll\CUDAMANRDLLSHADING\CUDAMANRDLL\pch.cpp(203,9): warning C4273: “GetSubAreaBrenner”: dll 链接不一致
E:\HanMei\Endscope\Program\T0.0.5\shinewinginspectiondll\CUDAMANRDLLSHADING\CUDAMANRDLL\pch.cpp(207,9): warning C4273: “GetSubAreaTenegrad”: dll 链接不一致
E:\HanMei\Endscope\Program\T0.0.5\shinewinginspectiondll\CUDAMANRDLLSHADING\CUDAMANRDLL\pch.cpp(211,9): warning C4273: “GetSubAreaLaplacian”: dll 链接不一致
E:\HanMei\Endscope\Program\T0.0.5\shinewinginspectiondll\CUDAMANRDLLSHADING\CUDAMANRDLL\pch.cpp(215,5): warning C4273: “GetPosLeftFOV”: dll 链接不一致
E:\HanMei\Endscope\Program\T0.0.5\shinewinginspectiondll\CUDAMANRDLLSHADING\CUDAMANRDLL\pch.cpp(219,5): warning C4273: “GetPosRightFOV”: dll 链接不一致
E:\HanMei\Endscope\Program\T0.0.5\shinewinginspectiondll\CUDAMANRDLLSHADING\CUDAMANRDLL\pch.cpp(223,5): warning C4273: “GetNegLeftFOV”: dll 链接不一致
E:\HanMei\Endscope\Program\T0.0.5\shinewinginspectiondll\CUDAMANRDLLSHADING\CUDAMANRDLL\pch.cpp(227,5): warning C4273: “GetNegRightFOV”: dll 链接不一致
E:\HanMei\Endscope\Program\T0.0.5\shinewinginspectiondll\CUDAMANRDLLSHADING\CUDAMANRDLL\pch.cpp(231,9): warning C4273: “GetUnformityVs”: dll 链接不一致
E:\HanMei\Endscope\Program\T0.0.5\shinewinginspectiondll\CUDAMANRDLLSHADING\CUDAMANRDLL\pch.cpp(235,9): warning C4273: “GetpRR”: dll 链接不一致
E:\HanMei\Endscope\Program\T0.0.5\shinewinginspectiondll\CUDAMANRDLLSHADING\CUDAMANRDLL\pch.cpp(239,9): warning C4273: “GetpRG”: dll 链接不一致
E:\HanMei\Endscope\Program\T0.0.5\shinewinginspectiondll\CUDAMANRDLLSHADING\CUDAMANRDLL\pch.cpp(243,9): warning C4273: “GetpRB”: dll 链接不一致
E:\HanMei\Endscope\Program\T0.0.5\shinewinginspectiondll\CUDAMANRDLLSHADING\CUDAMANRDLL\pch.cpp(247,8): warning C4273: “GetBrighnessRatio”: dll 链接不一致
E:\HanMei\Endscope\Program\T0.0.5\shinewinginspectiondll\CUDAMANRDLLSHADING\CUDAMANRDLL\pch.cpp(251,6): warning C4273: “InitializeImage”: dll 链接不一致
E:\HanMei\Endscope\Program\T0.0.5\shinewinginspectiondll\CUDAMANRDLLSHADING\CUDAMANRDLL\pch.cpp(270,6): warning C4273: “ReleaseImage”: dll 链接不一致
E:\HanMei\Endscope\Program\T0.0.5\shinewinginspectiondll\CUDAMANRDLLSHADING\CUDAMANRDLL\pch.cpp(315,5): warning C4273: “InitializeSerialControl”: dll 链接不一致
E:\HanMei\Endscope\Program\T0.0.5\shinewinginspectiondll\CUDAMANRDLLSHADING\CUDAMANRDLL\pch.cpp(334,6): warning C4273: “ReleaseSerialControl”: dll 链接不一致
E:\HanMei\Endscope\Program\T0.0.5\shinewinginspectiondll\CUDAMANRDLLSHADING\CUDAMANRDLL\pch.cpp(384,6): warning C4273: “StartVideoCapture”: dll 链接不一致
E:\HanMei\Endscope\Program\T0.0.5\shinewinginspectiondll\CUDAMANRDLLSHADING\CUDAMANRDLL\pch.cpp(400,6): warning C4273: “StopVideoCapture”: dll 链接不一致
E:\HanMei\Endscope\Program\T0.0.5\shinewinginspectiondll\CUDAMANRDLLSHADING\CUDAMANRDLL\pch.cpp(408,6): warning C4273: “SaveVideo”: dll 链接不一致
E:\HanMei\Endscope\Program\T0.0.5\shinewinginspectiondll\CUDAMANRDLLSHADING\CUDAMANRDLL\pch.cpp(417,6): warning C4273: “SaveImage”: dll 链接不一致
E:\HanMei\Endscope\Program\T0.0.5\shinewinginspectiondll\CUDAMANRDLLSHADING\CUDAMANRDLL\pch.cpp(556,36): warning C4244: “=”: 从“int”转换到“float”，可能丢失数据
E:\HanMei\Endscope\Program\T0.0.5\shinewinginspectiondll\CUDAMANRDLLSHADING\CUDAMANRDLL\pch.cpp(562,12): warning C4244: “初始化”: 从“double”转换到“float”，可能丢失数据
E:\HanMei\Endscope\Program\T0.0.5\shinewinginspectiondll\CUDAMANRDLLSHADING\CUDAMANRDLL\pch.cpp(574,62): warning C4244: “=”: 从“double”转换到“float”，可能丢失数据
E:\HanMei\Endscope\Program\T0.0.5\shinewinginspectiondll\CUDAMANRDLLSHADING\CUDAMANRDLL\pch.cpp(577,67): warning C4244: “=”: 从“double”转换到“float”，可能丢失数据
E:\HanMei\Endscope\Program\T0.0.5\shinewinginspectiondll\CUDAMANRDLLSHADING\CUDAMANRDLL\pch.cpp(885,34): warning C4267: “=”: 从“size_t”转换到“int”，可能丢失数据
E:\HanMei\Endscope\Program\T0.0.5\shinewinginspectiondll\CUDAMANRDLLSHADING\CUDAMANRDLL\pch.cpp(891,36): warning C4267: “=”: 从“size_t”转换到“int”，可能丢失数据
E:\HanMei\Endscope\Program\T0.0.5\shinewinginspectiondll\CUDAMANRDLLSHADING\CUDAMANRDLL\pch.cpp(893,35): warning C4267: “=”: 从“size_t”转换到“int”，可能丢失数据
E:\HanMei\Endscope\Program\T0.0.5\shinewinginspectiondll\CUDAMANRDLLSHADING\CUDAMANRDLL\pch.cpp(899,38): warning C4267: “=”: 从“size_t”转换到“int”，可能丢失数据
E:\HanMei\Endscope\Program\T0.0.5\shinewinginspectiondll\CUDAMANRDLLSHADING\CUDAMANRDLL\pch.cpp(916,9): warning C4244: “初始化”: 从“double”转换到“int”，可能丢失数据
E:\HanMei\Endscope\Program\T0.0.5\shinewinginspectiondll\CUDAMANRDLLSHADING\CUDAMANRDLL\pch.cpp(1023,6): warning C4273: “FigureParameters”: dll 链接不一致
E:\HanMei\Endscope\Program\T0.0.5\shinewinginspectiondll\CUDAMANRDLLSHADING\CUDAMANRDLL\pch.cpp(1063,104): warning C4244: “参数”: 从“double”转换到“_Tp”，可能丢失数据
E:\HanMei\Endscope\Program\T0.0.5\shinewinginspectiondll\CUDAMANRDLLSHADING\CUDAMANRDLL\pch.cpp(1063,104): warning C4244:         with
E:\HanMei\Endscope\Program\T0.0.5\shinewinginspectiondll\CUDAMANRDLLSHADING\CUDAMANRDLL\pch.cpp(1063,104): warning C4244:         [
E:\HanMei\Endscope\Program\T0.0.5\shinewinginspectiondll\CUDAMANRDLLSHADING\CUDAMANRDLL\pch.cpp(1063,104): warning C4244:             _Tp=int
E:\HanMei\Endscope\Program\T0.0.5\shinewinginspectiondll\CUDAMANRDLLSHADING\CUDAMANRDLL\pch.cpp(1063,104): warning C4244:         ]
E:\HanMei\Endscope\Program\T0.0.5\shinewinginspectiondll\CUDAMANRDLLSHADING\CUDAMANRDLL\pch.cpp(1063,89): warning C4244: “参数”: 从“double”转换到“_Tp”，可能丢失数据
E:\HanMei\Endscope\Program\T0.0.5\shinewinginspectiondll\CUDAMANRDLLSHADING\CUDAMANRDLL\pch.cpp(1063,89): warning C4244:         with
E:\HanMei\Endscope\Program\T0.0.5\shinewinginspectiondll\CUDAMANRDLLSHADING\CUDAMANRDLL\pch.cpp(1063,89): warning C4244:         [
E:\HanMei\Endscope\Program\T0.0.5\shinewinginspectiondll\CUDAMANRDLLSHADING\CUDAMANRDLL\pch.cpp(1063,89): warning C4244:             _Tp=int
E:\HanMei\Endscope\Program\T0.0.5\shinewinginspectiondll\CUDAMANRDLLSHADING\CUDAMANRDLL\pch.cpp(1063,89): warning C4244:         ]
E:\HanMei\Endscope\Program\T0.0.5\shinewinginspectiondll\CUDAMANRDLLSHADING\CUDAMANRDLL\pch.cpp(1063,67): warning C4244: “参数”: 从“double”转换到“_Tp”，可能丢失数据
E:\HanMei\Endscope\Program\T0.0.5\shinewinginspectiondll\CUDAMANRDLLSHADING\CUDAMANRDLL\pch.cpp(1063,67): warning C4244:         with
E:\HanMei\Endscope\Program\T0.0.5\shinewinginspectiondll\CUDAMANRDLLSHADING\CUDAMANRDLL\pch.cpp(1063,67): warning C4244:         [
E:\HanMei\Endscope\Program\T0.0.5\shinewinginspectiondll\CUDAMANRDLLSHADING\CUDAMANRDLL\pch.cpp(1063,67): warning C4244:             _Tp=int
E:\HanMei\Endscope\Program\T0.0.5\shinewinginspectiondll\CUDAMANRDLLSHADING\CUDAMANRDLL\pch.cpp(1063,67): warning C4244:         ]
E:\HanMei\Endscope\Program\T0.0.5\shinewinginspectiondll\CUDAMANRDLLSHADING\CUDAMANRDLL\pch.cpp(1063,42): warning C4244: “参数”: 从“double”转换到“_Tp”，可能丢失数据
E:\HanMei\Endscope\Program\T0.0.5\shinewinginspectiondll\CUDAMANRDLLSHADING\CUDAMANRDLL\pch.cpp(1063,42): warning C4244:         with
E:\HanMei\Endscope\Program\T0.0.5\shinewinginspectiondll\CUDAMANRDLLSHADING\CUDAMANRDLL\pch.cpp(1063,42): warning C4244:         [
E:\HanMei\Endscope\Program\T0.0.5\shinewinginspectiondll\CUDAMANRDLLSHADING\CUDAMANRDLL\pch.cpp(1063,42): warning C4244:             _Tp=int
E:\HanMei\Endscope\Program\T0.0.5\shinewinginspectiondll\CUDAMANRDLLSHADING\CUDAMANRDLL\pch.cpp(1063,42): warning C4244:         ]
E:\HanMei\Endscope\Program\T0.0.5\shinewinginspectiondll\CUDAMANRDLLSHADING\CUDAMANRDLL\pch.cpp(1064,104): warning C4244: “参数”: 从“double”转换到“_Tp”，可能丢失数据
E:\HanMei\Endscope\Program\T0.0.5\shinewinginspectiondll\CUDAMANRDLLSHADING\CUDAMANRDLL\pch.cpp(1064,104): warning C4244:         with
E:\HanMei\Endscope\Program\T0.0.5\shinewinginspectiondll\CUDAMANRDLLSHADING\CUDAMANRDLL\pch.cpp(1064,104): warning C4244:         [
E:\HanMei\Endscope\Program\T0.0.5\shinewinginspectiondll\CUDAMANRDLLSHADING\CUDAMANRDLL\pch.cpp(1064,104): warning C4244:             _Tp=int
E:\HanMei\Endscope\Program\T0.0.5\shinewinginspectiondll\CUDAMANRDLLSHADING\CUDAMANRDLL\pch.cpp(1064,104): warning C4244:         ]
E:\HanMei\Endscope\Program\T0.0.5\shinewinginspectiondll\CUDAMANRDLLSHADING\CUDAMANRDLL\pch.cpp(1064,89): warning C4244: “参数”: 从“double”转换到“_Tp”，可能丢失数据
E:\HanMei\Endscope\Program\T0.0.5\shinewinginspectiondll\CUDAMANRDLLSHADING\CUDAMANRDLL\pch.cpp(1064,89): warning C4244:         with
E:\HanMei\Endscope\Program\T0.0.5\shinewinginspectiondll\CUDAMANRDLLSHADING\CUDAMANRDLL\pch.cpp(1064,89): warning C4244:         [
E:\HanMei\Endscope\Program\T0.0.5\shinewinginspectiondll\CUDAMANRDLLSHADING\CUDAMANRDLL\pch.cpp(1064,89): warning C4244:             _Tp=int
E:\HanMei\Endscope\Program\T0.0.5\shinewinginspectiondll\CUDAMANRDLLSHADING\CUDAMANRDLL\pch.cpp(1064,89): warning C4244:         ]
E:\HanMei\Endscope\Program\T0.0.5\shinewinginspectiondll\CUDAMANRDLLSHADING\CUDAMANRDLL\pch.cpp(1064,67): warning C4244: “参数”: 从“double”转换到“_Tp”，可能丢失数据
E:\HanMei\Endscope\Program\T0.0.5\shinewinginspectiondll\CUDAMANRDLLSHADING\CUDAMANRDLL\pch.cpp(1064,67): warning C4244:         with
E:\HanMei\Endscope\Program\T0.0.5\shinewinginspectiondll\CUDAMANRDLLSHADING\CUDAMANRDLL\pch.cpp(1064,67): warning C4244:         [
E:\HanMei\Endscope\Program\T0.0.5\shinewinginspectiondll\CUDAMANRDLLSHADING\CUDAMANRDLL\pch.cpp(1064,67): warning C4244:             _Tp=int
E:\HanMei\Endscope\Program\T0.0.5\shinewinginspectiondll\CUDAMANRDLLSHADING\CUDAMANRDLL\pch.cpp(1064,67): warning C4244:         ]
E:\HanMei\Endscope\Program\T0.0.5\shinewinginspectiondll\CUDAMANRDLLSHADING\CUDAMANRDLL\pch.cpp(1064,42): warning C4244: “参数”: 从“double”转换到“_Tp”，可能丢失数据
E:\HanMei\Endscope\Program\T0.0.5\shinewinginspectiondll\CUDAMANRDLLSHADING\CUDAMANRDLL\pch.cpp(1064,42): warning C4244:         with
E:\HanMei\Endscope\Program\T0.0.5\shinewinginspectiondll\CUDAMANRDLLSHADING\CUDAMANRDLL\pch.cpp(1064,42): warning C4244:         [
E:\HanMei\Endscope\Program\T0.0.5\shinewinginspectiondll\CUDAMANRDLLSHADING\CUDAMANRDLL\pch.cpp(1064,42): warning C4244:             _Tp=int
E:\HanMei\Endscope\Program\T0.0.5\shinewinginspectiondll\CUDAMANRDLLSHADING\CUDAMANRDLL\pch.cpp(1064,42): warning C4244:         ]
E:\HanMei\Endscope\Program\T0.0.5\shinewinginspectiondll\CUDAMANRDLLSHADING\CUDAMANRDLL\pch.cpp(1065,104): warning C4244: “参数”: 从“double”转换到“_Tp”，可能丢失数据
E:\HanMei\Endscope\Program\T0.0.5\shinewinginspectiondll\CUDAMANRDLLSHADING\CUDAMANRDLL\pch.cpp(1065,104): warning C4244:         with
E:\HanMei\Endscope\Program\T0.0.5\shinewinginspectiondll\CUDAMANRDLLSHADING\CUDAMANRDLL\pch.cpp(1065,104): warning C4244:         [
E:\HanMei\Endscope\Program\T0.0.5\shinewinginspectiondll\CUDAMANRDLLSHADING\CUDAMANRDLL\pch.cpp(1065,104): warning C4244:             _Tp=int
E:\HanMei\Endscope\Program\T0.0.5\shinewinginspectiondll\CUDAMANRDLLSHADING\CUDAMANRDLL\pch.cpp(1065,104): warning C4244:         ]
E:\HanMei\Endscope\Program\T0.0.5\shinewinginspectiondll\CUDAMANRDLLSHADING\CUDAMANRDLL\pch.cpp(1065,89): warning C4244: “参数”: 从“double”转换到“_Tp”，可能丢失数据
E:\HanMei\Endscope\Program\T0.0.5\shinewinginspectiondll\CUDAMANRDLLSHADING\CUDAMANRDLL\pch.cpp(1065,89): warning C4244:         with
E:\HanMei\Endscope\Program\T0.0.5\shinewinginspectiondll\CUDAMANRDLLSHADING\CUDAMANRDLL\pch.cpp(1065,89): warning C4244:         [
E:\HanMei\Endscope\Program\T0.0.5\shinewinginspectiondll\CUDAMANRDLLSHADING\CUDAMANRDLL\pch.cpp(1065,89): warning C4244:             _Tp=int
E:\HanMei\Endscope\Program\T0.0.5\shinewinginspectiondll\CUDAMANRDLLSHADING\CUDAMANRDLL\pch.cpp(1065,89): warning C4244:         ]
E:\HanMei\Endscope\Program\T0.0.5\shinewinginspectiondll\CUDAMANRDLLSHADING\CUDAMANRDLL\pch.cpp(1065,67): warning C4244: “参数”: 从“double”转换到“_Tp”，可能丢失数据
E:\HanMei\Endscope\Program\T0.0.5\shinewinginspectiondll\CUDAMANRDLLSHADING\CUDAMANRDLL\pch.cpp(1065,67): warning C4244:         with
E:\HanMei\Endscope\Program\T0.0.5\shinewinginspectiondll\CUDAMANRDLLSHADING\CUDAMANRDLL\pch.cpp(1065,67): warning C4244:         [
E:\HanMei\Endscope\Program\T0.0.5\shinewinginspectiondll\CUDAMANRDLLSHADING\CUDAMANRDLL\pch.cpp(1065,67): warning C4244:             _Tp=int
E:\HanMei\Endscope\Program\T0.0.5\shinewinginspectiondll\CUDAMANRDLLSHADING\CUDAMANRDLL\pch.cpp(1065,67): warning C4244:         ]
E:\HanMei\Endscope\Program\T0.0.5\shinewinginspectiondll\CUDAMANRDLLSHADING\CUDAMANRDLL\pch.cpp(1065,42): warning C4244: “参数”: 从“double”转换到“_Tp”，可能丢失数据
E:\HanMei\Endscope\Program\T0.0.5\shinewinginspectiondll\CUDAMANRDLLSHADING\CUDAMANRDLL\pch.cpp(1065,42): warning C4244:         with
E:\HanMei\Endscope\Program\T0.0.5\shinewinginspectiondll\CUDAMANRDLLSHADING\CUDAMANRDLL\pch.cpp(1065,42): warning C4244:         [
E:\HanMei\Endscope\Program\T0.0.5\shinewinginspectiondll\CUDAMANRDLLSHADING\CUDAMANRDLL\pch.cpp(1065,42): warning C4244:             _Tp=int
E:\HanMei\Endscope\Program\T0.0.5\shinewinginspectiondll\CUDAMANRDLLSHADING\CUDAMANRDLL\pch.cpp(1065,42): warning C4244:         ]
E:\HanMei\Endscope\Program\T0.0.5\shinewinginspectiondll\CUDAMANRDLLSHADING\CUDAMANRDLL\pch.cpp(1066,104): warning C4244: “参数”: 从“double”转换到“_Tp”，可能丢失数据
E:\HanMei\Endscope\Program\T0.0.5\shinewinginspectiondll\CUDAMANRDLLSHADING\CUDAMANRDLL\pch.cpp(1066,104): warning C4244:         with
E:\HanMei\Endscope\Program\T0.0.5\shinewinginspectiondll\CUDAMANRDLLSHADING\CUDAMANRDLL\pch.cpp(1066,104): warning C4244:         [
E:\HanMei\Endscope\Program\T0.0.5\shinewinginspectiondll\CUDAMANRDLLSHADING\CUDAMANRDLL\pch.cpp(1066,104): warning C4244:             _Tp=int
E:\HanMei\Endscope\Program\T0.0.5\shinewinginspectiondll\CUDAMANRDLLSHADING\CUDAMANRDLL\pch.cpp(1066,104): warning C4244:         ]
E:\HanMei\Endscope\Program\T0.0.5\shinewinginspectiondll\CUDAMANRDLLSHADING\CUDAMANRDLL\pch.cpp(1066,89): warning C4244: “参数”: 从“double”转换到“_Tp”，可能丢失数据
E:\HanMei\Endscope\Program\T0.0.5\shinewinginspectiondll\CUDAMANRDLLSHADING\CUDAMANRDLL\pch.cpp(1066,89): warning C4244:         with
E:\HanMei\Endscope\Program\T0.0.5\shinewinginspectiondll\CUDAMANRDLLSHADING\CUDAMANRDLL\pch.cpp(1066,89): warning C4244:         [
E:\HanMei\Endscope\Program\T0.0.5\shinewinginspectiondll\CUDAMANRDLLSHADING\CUDAMANRDLL\pch.cpp(1066,89): warning C4244:             _Tp=int
E:\HanMei\Endscope\Program\T0.0.5\shinewinginspectiondll\CUDAMANRDLLSHADING\CUDAMANRDLL\pch.cpp(1066,89): warning C4244:         ]
E:\HanMei\Endscope\Program\T0.0.5\shinewinginspectiondll\CUDAMANRDLLSHADING\CUDAMANRDLL\pch.cpp(1066,67): warning C4244: “参数”: 从“double”转换到“_Tp”，可能丢失数据
E:\HanMei\Endscope\Program\T0.0.5\shinewinginspectiondll\CUDAMANRDLLSHADING\CUDAMANRDLL\pch.cpp(1066,67): warning C4244:         with
E:\HanMei\Endscope\Program\T0.0.5\shinewinginspectiondll\CUDAMANRDLLSHADING\CUDAMANRDLL\pch.cpp(1066,67): warning C4244:         [
E:\HanMei\Endscope\Program\T0.0.5\shinewinginspectiondll\CUDAMANRDLLSHADING\CUDAMANRDLL\pch.cpp(1066,67): warning C4244:             _Tp=int
E:\HanMei\Endscope\Program\T0.0.5\shinewinginspectiondll\CUDAMANRDLLSHADING\CUDAMANRDLL\pch.cpp(1066,67): warning C4244:         ]
E:\HanMei\Endscope\Program\T0.0.5\shinewinginspectiondll\CUDAMANRDLLSHADING\CUDAMANRDLL\pch.cpp(1066,42): warning C4244: “参数”: 从“double”转换到“_Tp”，可能丢失数据
E:\HanMei\Endscope\Program\T0.0.5\shinewinginspectiondll\CUDAMANRDLLSHADING\CUDAMANRDLL\pch.cpp(1066,42): warning C4244:         with
E:\HanMei\Endscope\Program\T0.0.5\shinewinginspectiondll\CUDAMANRDLLSHADING\CUDAMANRDLL\pch.cpp(1066,42): warning C4244:         [
E:\HanMei\Endscope\Program\T0.0.5\shinewinginspectiondll\CUDAMANRDLLSHADING\CUDAMANRDLL\pch.cpp(1066,42): warning C4244:             _Tp=int
E:\HanMei\Endscope\Program\T0.0.5\shinewinginspectiondll\CUDAMANRDLLSHADING\CUDAMANRDLL\pch.cpp(1066,42): warning C4244:         ]
E:\HanMei\Endscope\Program\T0.0.5\shinewinginspectiondll\CUDAMANRDLLSHADING\CUDAMANRDLL\pch.cpp(1067,104): warning C4244: “参数”: 从“double”转换到“_Tp”，可能丢失数据
E:\HanMei\Endscope\Program\T0.0.5\shinewinginspectiondll\CUDAMANRDLLSHADING\CUDAMANRDLL\pch.cpp(1067,104): warning C4244:         with
E:\HanMei\Endscope\Program\T0.0.5\shinewinginspectiondll\CUDAMANRDLLSHADING\CUDAMANRDLL\pch.cpp(1067,104): warning C4244:         [
E:\HanMei\Endscope\Program\T0.0.5\shinewinginspectiondll\CUDAMANRDLLSHADING\CUDAMANRDLL\pch.cpp(1067,104): warning C4244:             _Tp=int
E:\HanMei\Endscope\Program\T0.0.5\shinewinginspectiondll\CUDAMANRDLLSHADING\CUDAMANRDLL\pch.cpp(1067,104): warning C4244:         ]
E:\HanMei\Endscope\Program\T0.0.5\shinewinginspectiondll\CUDAMANRDLLSHADING\CUDAMANRDLL\pch.cpp(1067,89): warning C4244: “参数”: 从“double”转换到“_Tp”，可能丢失数据
E:\HanMei\Endscope\Program\T0.0.5\shinewinginspectiondll\CUDAMANRDLLSHADING\CUDAMANRDLL\pch.cpp(1067,89): warning C4244:         with
E:\HanMei\Endscope\Program\T0.0.5\shinewinginspectiondll\CUDAMANRDLLSHADING\CUDAMANRDLL\pch.cpp(1067,89): warning C4244:         [
E:\HanMei\Endscope\Program\T0.0.5\shinewinginspectiondll\CUDAMANRDLLSHADING\CUDAMANRDLL\pch.cpp(1067,89): warning C4244:             _Tp=int
E:\HanMei\Endscope\Program\T0.0.5\shinewinginspectiondll\CUDAMANRDLLSHADING\CUDAMANRDLL\pch.cpp(1067,89): warning C4244:         ]
E:\HanMei\Endscope\Program\T0.0.5\shinewinginspectiondll\CUDAMANRDLLSHADING\CUDAMANRDLL\pch.cpp(1067,67): warning C4244: “参数”: 从“double”转换到“_Tp”，可能丢失数据
E:\HanMei\Endscope\Program\T0.0.5\shinewinginspectiondll\CUDAMANRDLLSHADING\CUDAMANRDLL\pch.cpp(1067,67): warning C4244:         with
E:\HanMei\Endscope\Program\T0.0.5\shinewinginspectiondll\CUDAMANRDLLSHADING\CUDAMANRDLL\pch.cpp(1067,67): warning C4244:         [
E:\HanMei\Endscope\Program\T0.0.5\shinewinginspectiondll\CUDAMANRDLLSHADING\CUDAMANRDLL\pch.cpp(1067,67): warning C4244:             _Tp=int
E:\HanMei\Endscope\Program\T0.0.5\shinewinginspectiondll\CUDAMANRDLLSHADING\CUDAMANRDLL\pch.cpp(1067,67): warning C4244:         ]
E:\HanMei\Endscope\Program\T0.0.5\shinewinginspectiondll\CUDAMANRDLLSHADING\CUDAMANRDLL\pch.cpp(1067,42): warning C4244: “参数”: 从“double”转换到“_Tp”，可能丢失数据
E:\HanMei\Endscope\Program\T0.0.5\shinewinginspectiondll\CUDAMANRDLLSHADING\CUDAMANRDLL\pch.cpp(1067,42): warning C4244:         with
E:\HanMei\Endscope\Program\T0.0.5\shinewinginspectiondll\CUDAMANRDLLSHADING\CUDAMANRDLL\pch.cpp(1067,42): warning C4244:         [
E:\HanMei\Endscope\Program\T0.0.5\shinewinginspectiondll\CUDAMANRDLLSHADING\CUDAMANRDLL\pch.cpp(1067,42): warning C4244:             _Tp=int
E:\HanMei\Endscope\Program\T0.0.5\shinewinginspectiondll\CUDAMANRDLLSHADING\CUDAMANRDLL\pch.cpp(1067,42): warning C4244:         ]
E:\HanMei\Endscope\Program\T0.0.5\shinewinginspectiondll\CUDAMANRDLLSHADING\CUDAMANRDLL\pch.cpp(1068,104): warning C4244: “参数”: 从“double”转换到“_Tp”，可能丢失数据
E:\HanMei\Endscope\Program\T0.0.5\shinewinginspectiondll\CUDAMANRDLLSHADING\CUDAMANRDLL\pch.cpp(1068,104): warning C4244:         with
E:\HanMei\Endscope\Program\T0.0.5\shinewinginspectiondll\CUDAMANRDLLSHADING\CUDAMANRDLL\pch.cpp(1068,104): warning C4244:         [
E:\HanMei\Endscope\Program\T0.0.5\shinewinginspectiondll\CUDAMANRDLLSHADING\CUDAMANRDLL\pch.cpp(1068,104): warning C4244:             _Tp=int
E:\HanMei\Endscope\Program\T0.0.5\shinewinginspectiondll\CUDAMANRDLLSHADING\CUDAMANRDLL\pch.cpp(1068,104): warning C4244:         ]
E:\HanMei\Endscope\Program\T0.0.5\shinewinginspectiondll\CUDAMANRDLLSHADING\CUDAMANRDLL\pch.cpp(1068,89): warning C4244: “参数”: 从“double”转换到“_Tp”，可能丢失数据
E:\HanMei\Endscope\Program\T0.0.5\shinewinginspectiondll\CUDAMANRDLLSHADING\CUDAMANRDLL\pch.cpp(1068,89): warning C4244:         with
E:\HanMei\Endscope\Program\T0.0.5\shinewinginspectiondll\CUDAMANRDLLSHADING\CUDAMANRDLL\pch.cpp(1068,89): warning C4244:         [
E:\HanMei\Endscope\Program\T0.0.5\shinewinginspectiondll\CUDAMANRDLLSHADING\CUDAMANRDLL\pch.cpp(1068,89): warning C4244:             _Tp=int
E:\HanMei\Endscope\Program\T0.0.5\shinewinginspectiondll\CUDAMANRDLLSHADING\CUDAMANRDLL\pch.cpp(1068,89): warning C4244:         ]
E:\HanMei\Endscope\Program\T0.0.5\shinewinginspectiondll\CUDAMANRDLLSHADING\CUDAMANRDLL\pch.cpp(1068,67): warning C4244: “参数”: 从“double”转换到“_Tp”，可能丢失数据
E:\HanMei\Endscope\Program\T0.0.5\shinewinginspectiondll\CUDAMANRDLLSHADING\CUDAMANRDLL\pch.cpp(1068,67): warning C4244:         with
E:\HanMei\Endscope\Program\T0.0.5\shinewinginspectiondll\CUDAMANRDLLSHADING\CUDAMANRDLL\pch.cpp(1068,67): warning C4244:         [
E:\HanMei\Endscope\Program\T0.0.5\shinewinginspectiondll\CUDAMANRDLLSHADING\CUDAMANRDLL\pch.cpp(1068,67): warning C4244:             _Tp=int
E:\HanMei\Endscope\Program\T0.0.5\shinewinginspectiondll\CUDAMANRDLLSHADING\CUDAMANRDLL\pch.cpp(1068,67): warning C4244:         ]
E:\HanMei\Endscope\Program\T0.0.5\shinewinginspectiondll\CUDAMANRDLLSHADING\CUDAMANRDLL\pch.cpp(1068,42): warning C4244: “参数”: 从“double”转换到“_Tp”，可能丢失数据
E:\HanMei\Endscope\Program\T0.0.5\shinewinginspectiondll\CUDAMANRDLLSHADING\CUDAMANRDLL\pch.cpp(1068,42): warning C4244:         with
E:\HanMei\Endscope\Program\T0.0.5\shinewinginspectiondll\CUDAMANRDLLSHADING\CUDAMANRDLL\pch.cpp(1068,42): warning C4244:         [
E:\HanMei\Endscope\Program\T0.0.5\shinewinginspectiondll\CUDAMANRDLLSHADING\CUDAMANRDLL\pch.cpp(1068,42): warning C4244:             _Tp=int
E:\HanMei\Endscope\Program\T0.0.5\shinewinginspectiondll\CUDAMANRDLLSHADING\CUDAMANRDLL\pch.cpp(1068,42): warning C4244:         ]
E:\HanMei\Endscope\Program\T0.0.5\shinewinginspectiondll\CUDAMANRDLLSHADING\CUDAMANRDLL\pch.cpp(1069,104): warning C4244: “参数”: 从“double”转换到“_Tp”，可能丢失数据
E:\HanMei\Endscope\Program\T0.0.5\shinewinginspectiondll\CUDAMANRDLLSHADING\CUDAMANRDLL\pch.cpp(1069,104): warning C4244:         with
E:\HanMei\Endscope\Program\T0.0.5\shinewinginspectiondll\CUDAMANRDLLSHADING\CUDAMANRDLL\pch.cpp(1069,104): warning C4244:         [
E:\HanMei\Endscope\Program\T0.0.5\shinewinginspectiondll\CUDAMANRDLLSHADING\CUDAMANRDLL\pch.cpp(1069,104): warning C4244:             _Tp=int
E:\HanMei\Endscope\Program\T0.0.5\shinewinginspectiondll\CUDAMANRDLLSHADING\CUDAMANRDLL\pch.cpp(1069,104): warning C4244:         ]
E:\HanMei\Endscope\Program\T0.0.5\shinewinginspectiondll\CUDAMANRDLLSHADING\CUDAMANRDLL\pch.cpp(1069,89): warning C4244: “参数”: 从“double”转换到“_Tp”，可能丢失数据
E:\HanMei\Endscope\Program\T0.0.5\shinewinginspectiondll\CUDAMANRDLLSHADING\CUDAMANRDLL\pch.cpp(1069,89): warning C4244:         with
E:\HanMei\Endscope\Program\T0.0.5\shinewinginspectiondll\CUDAMANRDLLSHADING\CUDAMANRDLL\pch.cpp(1069,89): warning C4244:         [
E:\HanMei\Endscope\Program\T0.0.5\shinewinginspectiondll\CUDAMANRDLLSHADING\CUDAMANRDLL\pch.cpp(1069,89): warning C4244:             _Tp=int
E:\HanMei\Endscope\Program\T0.0.5\shinewinginspectiondll\CUDAMANRDLLSHADING\CUDAMANRDLL\pch.cpp(1069,89): warning C4244:         ]
E:\HanMei\Endscope\Program\T0.0.5\shinewinginspectiondll\CUDAMANRDLLSHADING\CUDAMANRDLL\pch.cpp(1069,67): warning C4244: “参数”: 从“double”转换到“_Tp”，可能丢失数据
E:\HanMei\Endscope\Program\T0.0.5\shinewinginspectiondll\CUDAMANRDLLSHADING\CUDAMANRDLL\pch.cpp(1069,67): warning C4244:         with
E:\HanMei\Endscope\Program\T0.0.5\shinewinginspectiondll\CUDAMANRDLLSHADING\CUDAMANRDLL\pch.cpp(1069,67): warning C4244:         [
E:\HanMei\Endscope\Program\T0.0.5\shinewinginspectiondll\CUDAMANRDLLSHADING\CUDAMANRDLL\pch.cpp(1069,67): warning C4244:             _Tp=int
E:\HanMei\Endscope\Program\T0.0.5\shinewinginspectiondll\CUDAMANRDLLSHADING\CUDAMANRDLL\pch.cpp(1069,67): warning C4244:         ]
E:\HanMei\Endscope\Program\T0.0.5\shinewinginspectiondll\CUDAMANRDLLSHADING\CUDAMANRDLL\pch.cpp(1069,42): warning C4244: “参数”: 从“double”转换到“_Tp”，可能丢失数据
E:\HanMei\Endscope\Program\T0.0.5\shinewinginspectiondll\CUDAMANRDLLSHADING\CUDAMANRDLL\pch.cpp(1069,42): warning C4244:         with
E:\HanMei\Endscope\Program\T0.0.5\shinewinginspectiondll\CUDAMANRDLLSHADING\CUDAMANRDLL\pch.cpp(1069,42): warning C4244:         [
E:\HanMei\Endscope\Program\T0.0.5\shinewinginspectiondll\CUDAMANRDLLSHADING\CUDAMANRDLL\pch.cpp(1069,42): warning C4244:             _Tp=int
E:\HanMei\Endscope\Program\T0.0.5\shinewinginspectiondll\CUDAMANRDLLSHADING\CUDAMANRDLL\pch.cpp(1069,42): warning C4244:         ]
E:\HanMei\Endscope\Program\T0.0.5\shinewinginspectiondll\CUDAMANRDLLSHADING\CUDAMANRDLL\pch.cpp(1070,104): warning C4244: “参数”: 从“double”转换到“_Tp”，可能丢失数据
E:\HanMei\Endscope\Program\T0.0.5\shinewinginspectiondll\CUDAMANRDLLSHADING\CUDAMANRDLL\pch.cpp(1070,104): warning C4244:         with
E:\HanMei\Endscope\Program\T0.0.5\shinewinginspectiondll\CUDAMANRDLLSHADING\CUDAMANRDLL\pch.cpp(1070,104): warning C4244:         [
E:\HanMei\Endscope\Program\T0.0.5\shinewinginspectiondll\CUDAMANRDLLSHADING\CUDAMANRDLL\pch.cpp(1070,104): warning C4244:             _Tp=int
E:\HanMei\Endscope\Program\T0.0.5\shinewinginspectiondll\CUDAMANRDLLSHADING\CUDAMANRDLL\pch.cpp(1070,104): warning C4244:         ]
E:\HanMei\Endscope\Program\T0.0.5\shinewinginspectiondll\CUDAMANRDLLSHADING\CUDAMANRDLL\pch.cpp(1070,89): warning C4244: “参数”: 从“double”转换到“_Tp”，可能丢失数据
E:\HanMei\Endscope\Program\T0.0.5\shinewinginspectiondll\CUDAMANRDLLSHADING\CUDAMANRDLL\pch.cpp(1070,89): warning C4244:         with
E:\HanMei\Endscope\Program\T0.0.5\shinewinginspectiondll\CUDAMANRDLLSHADING\CUDAMANRDLL\pch.cpp(1070,89): warning C4244:         [
E:\HanMei\Endscope\Program\T0.0.5\shinewinginspectiondll\CUDAMANRDLLSHADING\CUDAMANRDLL\pch.cpp(1070,89): warning C4244:             _Tp=int
E:\HanMei\Endscope\Program\T0.0.5\shinewinginspectiondll\CUDAMANRDLLSHADING\CUDAMANRDLL\pch.cpp(1070,89): warning C4244:         ]
E:\HanMei\Endscope\Program\T0.0.5\shinewinginspectiondll\CUDAMANRDLLSHADING\CUDAMANRDLL\pch.cpp(1070,67): warning C4244: “参数”: 从“double”转换到“_Tp”，可能丢失数据
E:\HanMei\Endscope\Program\T0.0.5\shinewinginspectiondll\CUDAMANRDLLSHADING\CUDAMANRDLL\pch.cpp(1070,67): warning C4244:         with
E:\HanMei\Endscope\Program\T0.0.5\shinewinginspectiondll\CUDAMANRDLLSHADING\CUDAMANRDLL\pch.cpp(1070,67): warning C4244:         [
E:\HanMei\Endscope\Program\T0.0.5\shinewinginspectiondll\CUDAMANRDLLSHADING\CUDAMANRDLL\pch.cpp(1070,67): warning C4244:             _Tp=int
E:\HanMei\Endscope\Program\T0.0.5\shinewinginspectiondll\CUDAMANRDLLSHADING\CUDAMANRDLL\pch.cpp(1070,67): warning C4244:         ]
E:\HanMei\Endscope\Program\T0.0.5\shinewinginspectiondll\CUDAMANRDLLSHADING\CUDAMANRDLL\pch.cpp(1070,42): warning C4244: “参数”: 从“double”转换到“_Tp”，可能丢失数据
E:\HanMei\Endscope\Program\T0.0.5\shinewinginspectiondll\CUDAMANRDLLSHADING\CUDAMANRDLL\pch.cpp(1070,42): warning C4244:         with
E:\HanMei\Endscope\Program\T0.0.5\shinewinginspectiondll\CUDAMANRDLLSHADING\CUDAMANRDLL\pch.cpp(1070,42): warning C4244:         [
E:\HanMei\Endscope\Program\T0.0.5\shinewinginspectiondll\CUDAMANRDLLSHADING\CUDAMANRDLL\pch.cpp(1070,42): warning C4244:             _Tp=int
E:\HanMei\Endscope\Program\T0.0.5\shinewinginspectiondll\CUDAMANRDLLSHADING\CUDAMANRDLL\pch.cpp(1070,42): warning C4244:         ]
E:\HanMei\Endscope\Program\T0.0.5\shinewinginspectiondll\CUDAMANRDLLSHADING\CUDAMANRDLL\pch.cpp(1071,104): warning C4244: “参数”: 从“double”转换到“_Tp”，可能丢失数据
E:\HanMei\Endscope\Program\T0.0.5\shinewinginspectiondll\CUDAMANRDLLSHADING\CUDAMANRDLL\pch.cpp(1071,104): warning C4244:         with
E:\HanMei\Endscope\Program\T0.0.5\shinewinginspectiondll\CUDAMANRDLLSHADING\CUDAMANRDLL\pch.cpp(1071,104): warning C4244:         [
E:\HanMei\Endscope\Program\T0.0.5\shinewinginspectiondll\CUDAMANRDLLSHADING\CUDAMANRDLL\pch.cpp(1071,104): warning C4244:             _Tp=int
E:\HanMei\Endscope\Program\T0.0.5\shinewinginspectiondll\CUDAMANRDLLSHADING\CUDAMANRDLL\pch.cpp(1071,104): warning C4244:         ]
E:\HanMei\Endscope\Program\T0.0.5\shinewinginspectiondll\CUDAMANRDLLSHADING\CUDAMANRDLL\pch.cpp(1071,89): warning C4244: “参数”: 从“double”转换到“_Tp”，可能丢失数据
E:\HanMei\Endscope\Program\T0.0.5\shinewinginspectiondll\CUDAMANRDLLSHADING\CUDAMANRDLL\pch.cpp(1071,89): warning C4244:         with
E:\HanMei\Endscope\Program\T0.0.5\shinewinginspectiondll\CUDAMANRDLLSHADING\CUDAMANRDLL\pch.cpp(1071,89): warning C4244:         [
E:\HanMei\Endscope\Program\T0.0.5\shinewinginspectiondll\CUDAMANRDLLSHADING\CUDAMANRDLL\pch.cpp(1071,89): warning C4244:             _Tp=int
E:\HanMei\Endscope\Program\T0.0.5\shinewinginspectiondll\CUDAMANRDLLSHADING\CUDAMANRDLL\pch.cpp(1071,89): warning C4244:         ]
E:\HanMei\Endscope\Program\T0.0.5\shinewinginspectiondll\CUDAMANRDLLSHADING\CUDAMANRDLL\pch.cpp(1071,67): warning C4244: “参数”: 从“double”转换到“_Tp”，可能丢失数据
E:\HanMei\Endscope\Program\T0.0.5\shinewinginspectiondll\CUDAMANRDLLSHADING\CUDAMANRDLL\pch.cpp(1071,67): warning C4244:         with
E:\HanMei\Endscope\Program\T0.0.5\shinewinginspectiondll\CUDAMANRDLLSHADING\CUDAMANRDLL\pch.cpp(1071,67): warning C4244:         [
E:\HanMei\Endscope\Program\T0.0.5\shinewinginspectiondll\CUDAMANRDLLSHADING\CUDAMANRDLL\pch.cpp(1071,67): warning C4244:             _Tp=int
E:\HanMei\Endscope\Program\T0.0.5\shinewinginspectiondll\CUDAMANRDLLSHADING\CUDAMANRDLL\pch.cpp(1071,67): warning C4244:         ]
E:\HanMei\Endscope\Program\T0.0.5\shinewinginspectiondll\CUDAMANRDLLSHADING\CUDAMANRDLL\pch.cpp(1071,42): warning C4244: “参数”: 从“double”转换到“_Tp”，可能丢失数据
E:\HanMei\Endscope\Program\T0.0.5\shinewinginspectiondll\CUDAMANRDLLSHADING\CUDAMANRDLL\pch.cpp(1071,42): warning C4244:         with
E:\HanMei\Endscope\Program\T0.0.5\shinewinginspectiondll\CUDAMANRDLLSHADING\CUDAMANRDLL\pch.cpp(1071,42): warning C4244:         [
E:\HanMei\Endscope\Program\T0.0.5\shinewinginspectiondll\CUDAMANRDLLSHADING\CUDAMANRDLL\pch.cpp(1071,42): warning C4244:             _Tp=int
E:\HanMei\Endscope\Program\T0.0.5\shinewinginspectiondll\CUDAMANRDLLSHADING\CUDAMANRDLL\pch.cpp(1071,42): warning C4244:         ]
E:\HanMei\Endscope\Program\T0.0.5\shinewinginspectiondll\CUDAMANRDLLSHADING\CUDAMANRDLL\pch.cpp(1165,103): warning C4244: “参数”: 从“double”转换到“_Tp”，可能丢失数据
E:\HanMei\Endscope\Program\T0.0.5\shinewinginspectiondll\CUDAMANRDLLSHADING\CUDAMANRDLL\pch.cpp(1165,103): warning C4244:         with
E:\HanMei\Endscope\Program\T0.0.5\shinewinginspectiondll\CUDAMANRDLLSHADING\CUDAMANRDLL\pch.cpp(1165,103): warning C4244:         [
E:\HanMei\Endscope\Program\T0.0.5\shinewinginspectiondll\CUDAMANRDLLSHADING\CUDAMANRDLL\pch.cpp(1165,103): warning C4244:             _Tp=int
E:\HanMei\Endscope\Program\T0.0.5\shinewinginspectiondll\CUDAMANRDLLSHADING\CUDAMANRDLL\pch.cpp(1165,103): warning C4244:         ]
E:\HanMei\Endscope\Program\T0.0.5\shinewinginspectiondll\CUDAMANRDLLSHADING\CUDAMANRDLL\pch.cpp(1165,88): warning C4244: “参数”: 从“double”转换到“_Tp”，可能丢失数据
E:\HanMei\Endscope\Program\T0.0.5\shinewinginspectiondll\CUDAMANRDLLSHADING\CUDAMANRDLL\pch.cpp(1165,88): warning C4244:         with
E:\HanMei\Endscope\Program\T0.0.5\shinewinginspectiondll\CUDAMANRDLLSHADING\CUDAMANRDLL\pch.cpp(1165,88): warning C4244:         [
E:\HanMei\Endscope\Program\T0.0.5\shinewinginspectiondll\CUDAMANRDLLSHADING\CUDAMANRDLL\pch.cpp(1165,88): warning C4244:             _Tp=int
E:\HanMei\Endscope\Program\T0.0.5\shinewinginspectiondll\CUDAMANRDLLSHADING\CUDAMANRDLL\pch.cpp(1165,88): warning C4244:         ]
E:\HanMei\Endscope\Program\T0.0.5\shinewinginspectiondll\CUDAMANRDLLSHADING\CUDAMANRDLL\pch.cpp(1165,66): warning C4244: “参数”: 从“double”转换到“_Tp”，可能丢失数据
E:\HanMei\Endscope\Program\T0.0.5\shinewinginspectiondll\CUDAMANRDLLSHADING\CUDAMANRDLL\pch.cpp(1165,66): warning C4244:         with
E:\HanMei\Endscope\Program\T0.0.5\shinewinginspectiondll\CUDAMANRDLLSHADING\CUDAMANRDLL\pch.cpp(1165,66): warning C4244:         [
E:\HanMei\Endscope\Program\T0.0.5\shinewinginspectiondll\CUDAMANRDLLSHADING\CUDAMANRDLL\pch.cpp(1165,66): warning C4244:             _Tp=int
E:\HanMei\Endscope\Program\T0.0.5\shinewinginspectiondll\CUDAMANRDLLSHADING\CUDAMANRDLL\pch.cpp(1165,66): warning C4244:         ]
E:\HanMei\Endscope\Program\T0.0.5\shinewinginspectiondll\CUDAMANRDLLSHADING\CUDAMANRDLL\pch.cpp(1165,41): warning C4244: “参数”: 从“double”转换到“_Tp”，可能丢失数据
E:\HanMei\Endscope\Program\T0.0.5\shinewinginspectiondll\CUDAMANRDLLSHADING\CUDAMANRDLL\pch.cpp(1165,41): warning C4244:         with
E:\HanMei\Endscope\Program\T0.0.5\shinewinginspectiondll\CUDAMANRDLLSHADING\CUDAMANRDLL\pch.cpp(1165,41): warning C4244:         [
E:\HanMei\Endscope\Program\T0.0.5\shinewinginspectiondll\CUDAMANRDLLSHADING\CUDAMANRDLL\pch.cpp(1165,41): warning C4244:             _Tp=int
E:\HanMei\Endscope\Program\T0.0.5\shinewinginspectiondll\CUDAMANRDLLSHADING\CUDAMANRDLL\pch.cpp(1165,41): warning C4244:         ]
E:\HanMei\Endscope\Program\T0.0.5\shinewinginspectiondll\CUDAMANRDLLSHADING\CUDAMANRDLL\pch.cpp(1166,103): warning C4244: “参数”: 从“double”转换到“_Tp”，可能丢失数据
E:\HanMei\Endscope\Program\T0.0.5\shinewinginspectiondll\CUDAMANRDLLSHADING\CUDAMANRDLL\pch.cpp(1166,103): warning C4244:         with
E:\HanMei\Endscope\Program\T0.0.5\shinewinginspectiondll\CUDAMANRDLLSHADING\CUDAMANRDLL\pch.cpp(1166,103): warning C4244:         [
E:\HanMei\Endscope\Program\T0.0.5\shinewinginspectiondll\CUDAMANRDLLSHADING\CUDAMANRDLL\pch.cpp(1166,103): warning C4244:             _Tp=int
E:\HanMei\Endscope\Program\T0.0.5\shinewinginspectiondll\CUDAMANRDLLSHADING\CUDAMANRDLL\pch.cpp(1166,103): warning C4244:         ]
E:\HanMei\Endscope\Program\T0.0.5\shinewinginspectiondll\CUDAMANRDLLSHADING\CUDAMANRDLL\pch.cpp(1166,88): warning C4244: “参数”: 从“double”转换到“_Tp”，可能丢失数据
E:\HanMei\Endscope\Program\T0.0.5\shinewinginspectiondll\CUDAMANRDLLSHADING\CUDAMANRDLL\pch.cpp(1166,88): warning C4244:         with
E:\HanMei\Endscope\Program\T0.0.5\shinewinginspectiondll\CUDAMANRDLLSHADING\CUDAMANRDLL\pch.cpp(1166,88): warning C4244:         [
E:\HanMei\Endscope\Program\T0.0.5\shinewinginspectiondll\CUDAMANRDLLSHADING\CUDAMANRDLL\pch.cpp(1166,88): warning C4244:             _Tp=int
E:\HanMei\Endscope\Program\T0.0.5\shinewinginspectiondll\CUDAMANRDLLSHADING\CUDAMANRDLL\pch.cpp(1166,88): warning C4244:         ]
E:\HanMei\Endscope\Program\T0.0.5\shinewinginspectiondll\CUDAMANRDLLSHADING\CUDAMANRDLL\pch.cpp(1166,66): warning C4244: “参数”: 从“double”转换到“_Tp”，可能丢失数据
E:\HanMei\Endscope\Program\T0.0.5\shinewinginspectiondll\CUDAMANRDLLSHADING\CUDAMANRDLL\pch.cpp(1166,66): warning C4244:         with
E:\HanMei\Endscope\Program\T0.0.5\shinewinginspectiondll\CUDAMANRDLLSHADING\CUDAMANRDLL\pch.cpp(1166,66): warning C4244:         [
E:\HanMei\Endscope\Program\T0.0.5\shinewinginspectiondll\CUDAMANRDLLSHADING\CUDAMANRDLL\pch.cpp(1166,66): warning C4244:             _Tp=int
E:\HanMei\Endscope\Program\T0.0.5\shinewinginspectiondll\CUDAMANRDLLSHADING\CUDAMANRDLL\pch.cpp(1166,66): warning C4244:         ]
E:\HanMei\Endscope\Program\T0.0.5\shinewinginspectiondll\CUDAMANRDLLSHADING\CUDAMANRDLL\pch.cpp(1166,41): warning C4244: “参数”: 从“double”转换到“_Tp”，可能丢失数据
E:\HanMei\Endscope\Program\T0.0.5\shinewinginspectiondll\CUDAMANRDLLSHADING\CUDAMANRDLL\pch.cpp(1166,41): warning C4244:         with
E:\HanMei\Endscope\Program\T0.0.5\shinewinginspectiondll\CUDAMANRDLLSHADING\CUDAMANRDLL\pch.cpp(1166,41): warning C4244:         [
E:\HanMei\Endscope\Program\T0.0.5\shinewinginspectiondll\CUDAMANRDLLSHADING\CUDAMANRDLL\pch.cpp(1166,41): warning C4244:             _Tp=int
E:\HanMei\Endscope\Program\T0.0.5\shinewinginspectiondll\CUDAMANRDLLSHADING\CUDAMANRDLL\pch.cpp(1166,41): warning C4244:         ]
E:\HanMei\Endscope\Program\T0.0.5\shinewinginspectiondll\CUDAMANRDLLSHADING\CUDAMANRDLL\pch.cpp(1167,103): warning C4244: “参数”: 从“double”转换到“_Tp”，可能丢失数据
E:\HanMei\Endscope\Program\T0.0.5\shinewinginspectiondll\CUDAMANRDLLSHADING\CUDAMANRDLL\pch.cpp(1167,103): warning C4244:         with
E:\HanMei\Endscope\Program\T0.0.5\shinewinginspectiondll\CUDAMANRDLLSHADING\CUDAMANRDLL\pch.cpp(1167,103): warning C4244:         [
E:\HanMei\Endscope\Program\T0.0.5\shinewinginspectiondll\CUDAMANRDLLSHADING\CUDAMANRDLL\pch.cpp(1167,103): warning C4244:             _Tp=int
E:\HanMei\Endscope\Program\T0.0.5\shinewinginspectiondll\CUDAMANRDLLSHADING\CUDAMANRDLL\pch.cpp(1167,103): warning C4244:         ]
E:\HanMei\Endscope\Program\T0.0.5\shinewinginspectiondll\CUDAMANRDLLSHADING\CUDAMANRDLL\pch.cpp(1167,88): warning C4244: “参数”: 从“double”转换到“_Tp”，可能丢失数据
E:\HanMei\Endscope\Program\T0.0.5\shinewinginspectiondll\CUDAMANRDLLSHADING\CUDAMANRDLL\pch.cpp(1167,88): warning C4244:         with
E:\HanMei\Endscope\Program\T0.0.5\shinewinginspectiondll\CUDAMANRDLLSHADING\CUDAMANRDLL\pch.cpp(1167,88): warning C4244:         [
E:\HanMei\Endscope\Program\T0.0.5\shinewinginspectiondll\CUDAMANRDLLSHADING\CUDAMANRDLL\pch.cpp(1167,88): warning C4244:             _Tp=int
E:\HanMei\Endscope\Program\T0.0.5\shinewinginspectiondll\CUDAMANRDLLSHADING\CUDAMANRDLL\pch.cpp(1167,88): warning C4244:         ]
E:\HanMei\Endscope\Program\T0.0.5\shinewinginspectiondll\CUDAMANRDLLSHADING\CUDAMANRDLL\pch.cpp(1167,66): warning C4244: “参数”: 从“double”转换到“_Tp”，可能丢失数据
E:\HanMei\Endscope\Program\T0.0.5\shinewinginspectiondll\CUDAMANRDLLSHADING\CUDAMANRDLL\pch.cpp(1167,66): warning C4244:         with
E:\HanMei\Endscope\Program\T0.0.5\shinewinginspectiondll\CUDAMANRDLLSHADING\CUDAMANRDLL\pch.cpp(1167,66): warning C4244:         [
E:\HanMei\Endscope\Program\T0.0.5\shinewinginspectiondll\CUDAMANRDLLSHADING\CUDAMANRDLL\pch.cpp(1167,66): warning C4244:             _Tp=int
E:\HanMei\Endscope\Program\T0.0.5\shinewinginspectiondll\CUDAMANRDLLSHADING\CUDAMANRDLL\pch.cpp(1167,66): warning C4244:         ]
E:\HanMei\Endscope\Program\T0.0.5\shinewinginspectiondll\CUDAMANRDLLSHADING\CUDAMANRDLL\pch.cpp(1167,41): warning C4244: “参数”: 从“double”转换到“_Tp”，可能丢失数据
E:\HanMei\Endscope\Program\T0.0.5\shinewinginspectiondll\CUDAMANRDLLSHADING\CUDAMANRDLL\pch.cpp(1167,41): warning C4244:         with
E:\HanMei\Endscope\Program\T0.0.5\shinewinginspectiondll\CUDAMANRDLLSHADING\CUDAMANRDLL\pch.cpp(1167,41): warning C4244:         [
E:\HanMei\Endscope\Program\T0.0.5\shinewinginspectiondll\CUDAMANRDLLSHADING\CUDAMANRDLL\pch.cpp(1167,41): warning C4244:             _Tp=int
E:\HanMei\Endscope\Program\T0.0.5\shinewinginspectiondll\CUDAMANRDLLSHADING\CUDAMANRDLL\pch.cpp(1167,41): warning C4244:         ]
E:\HanMei\Endscope\Program\T0.0.5\shinewinginspectiondll\CUDAMANRDLLSHADING\CUDAMANRDLL\pch.cpp(1168,103): warning C4244: “参数”: 从“double”转换到“_Tp”，可能丢失数据
E:\HanMei\Endscope\Program\T0.0.5\shinewinginspectiondll\CUDAMANRDLLSHADING\CUDAMANRDLL\pch.cpp(1168,103): warning C4244:         with
E:\HanMei\Endscope\Program\T0.0.5\shinewinginspectiondll\CUDAMANRDLLSHADING\CUDAMANRDLL\pch.cpp(1168,103): warning C4244:         [
E:\HanMei\Endscope\Program\T0.0.5\shinewinginspectiondll\CUDAMANRDLLSHADING\CUDAMANRDLL\pch.cpp(1168,103): warning C4244:             _Tp=int
E:\HanMei\Endscope\Program\T0.0.5\shinewinginspectiondll\CUDAMANRDLLSHADING\CUDAMANRDLL\pch.cpp(1168,103): warning C4244:         ]
E:\HanMei\Endscope\Program\T0.0.5\shinewinginspectiondll\CUDAMANRDLLSHADING\CUDAMANRDLL\pch.cpp(1168,88): warning C4244: “参数”: 从“double”转换到“_Tp”，可能丢失数据
E:\HanMei\Endscope\Program\T0.0.5\shinewinginspectiondll\CUDAMANRDLLSHADING\CUDAMANRDLL\pch.cpp(1168,88): warning C4244:         with
E:\HanMei\Endscope\Program\T0.0.5\shinewinginspectiondll\CUDAMANRDLLSHADING\CUDAMANRDLL\pch.cpp(1168,88): warning C4244:         [
E:\HanMei\Endscope\Program\T0.0.5\shinewinginspectiondll\CUDAMANRDLLSHADING\CUDAMANRDLL\pch.cpp(1168,88): warning C4244:             _Tp=int
E:\HanMei\Endscope\Program\T0.0.5\shinewinginspectiondll\CUDAMANRDLLSHADING\CUDAMANRDLL\pch.cpp(1168,88): warning C4244:         ]
E:\HanMei\Endscope\Program\T0.0.5\shinewinginspectiondll\CUDAMANRDLLSHADING\CUDAMANRDLL\pch.cpp(1168,66): warning C4244: “参数”: 从“double”转换到“_Tp”，可能丢失数据
E:\HanMei\Endscope\Program\T0.0.5\shinewinginspectiondll\CUDAMANRDLLSHADING\CUDAMANRDLL\pch.cpp(1168,66): warning C4244:         with
E:\HanMei\Endscope\Program\T0.0.5\shinewinginspectiondll\CUDAMANRDLLSHADING\CUDAMANRDLL\pch.cpp(1168,66): warning C4244:         [
E:\HanMei\Endscope\Program\T0.0.5\shinewinginspectiondll\CUDAMANRDLLSHADING\CUDAMANRDLL\pch.cpp(1168,66): warning C4244:             _Tp=int
E:\HanMei\Endscope\Program\T0.0.5\shinewinginspectiondll\CUDAMANRDLLSHADING\CUDAMANRDLL\pch.cpp(1168,66): warning C4244:         ]
E:\HanMei\Endscope\Program\T0.0.5\shinewinginspectiondll\CUDAMANRDLLSHADING\CUDAMANRDLL\pch.cpp(1168,41): warning C4244: “参数”: 从“double”转换到“_Tp”，可能丢失数据
E:\HanMei\Endscope\Program\T0.0.5\shinewinginspectiondll\CUDAMANRDLLSHADING\CUDAMANRDLL\pch.cpp(1168,41): warning C4244:         with
E:\HanMei\Endscope\Program\T0.0.5\shinewinginspectiondll\CUDAMANRDLLSHADING\CUDAMANRDLL\pch.cpp(1168,41): warning C4244:         [
E:\HanMei\Endscope\Program\T0.0.5\shinewinginspectiondll\CUDAMANRDLLSHADING\CUDAMANRDLL\pch.cpp(1168,41): warning C4244:             _Tp=int
E:\HanMei\Endscope\Program\T0.0.5\shinewinginspectiondll\CUDAMANRDLLSHADING\CUDAMANRDLL\pch.cpp(1168,41): warning C4244:         ]
E:\HanMei\Endscope\Program\T0.0.5\shinewinginspectiondll\CUDAMANRDLLSHADING\CUDAMANRDLL\pch.cpp(1169,103): warning C4244: “参数”: 从“double”转换到“_Tp”，可能丢失数据
E:\HanMei\Endscope\Program\T0.0.5\shinewinginspectiondll\CUDAMANRDLLSHADING\CUDAMANRDLL\pch.cpp(1169,103): warning C4244:         with
E:\HanMei\Endscope\Program\T0.0.5\shinewinginspectiondll\CUDAMANRDLLSHADING\CUDAMANRDLL\pch.cpp(1169,103): warning C4244:         [
E:\HanMei\Endscope\Program\T0.0.5\shinewinginspectiondll\CUDAMANRDLLSHADING\CUDAMANRDLL\pch.cpp(1169,103): warning C4244:             _Tp=int
E:\HanMei\Endscope\Program\T0.0.5\shinewinginspectiondll\CUDAMANRDLLSHADING\CUDAMANRDLL\pch.cpp(1169,103): warning C4244:         ]
E:\HanMei\Endscope\Program\T0.0.5\shinewinginspectiondll\CUDAMANRDLLSHADING\CUDAMANRDLL\pch.cpp(1169,88): warning C4244: “参数”: 从“double”转换到“_Tp”，可能丢失数据
E:\HanMei\Endscope\Program\T0.0.5\shinewinginspectiondll\CUDAMANRDLLSHADING\CUDAMANRDLL\pch.cpp(1169,88): warning C4244:         with
E:\HanMei\Endscope\Program\T0.0.5\shinewinginspectiondll\CUDAMANRDLLSHADING\CUDAMANRDLL\pch.cpp(1169,88): warning C4244:         [
E:\HanMei\Endscope\Program\T0.0.5\shinewinginspectiondll\CUDAMANRDLLSHADING\CUDAMANRDLL\pch.cpp(1169,88): warning C4244:             _Tp=int
E:\HanMei\Endscope\Program\T0.0.5\shinewinginspectiondll\CUDAMANRDLLSHADING\CUDAMANRDLL\pch.cpp(1169,88): warning C4244:         ]
E:\HanMei\Endscope\Program\T0.0.5\shinewinginspectiondll\CUDAMANRDLLSHADING\CUDAMANRDLL\pch.cpp(1169,66): warning C4244: “参数”: 从“double”转换到“_Tp”，可能丢失数据
E:\HanMei\Endscope\Program\T0.0.5\shinewinginspectiondll\CUDAMANRDLLSHADING\CUDAMANRDLL\pch.cpp(1169,66): warning C4244:         with
E:\HanMei\Endscope\Program\T0.0.5\shinewinginspectiondll\CUDAMANRDLLSHADING\CUDAMANRDLL\pch.cpp(1169,66): warning C4244:         [
E:\HanMei\Endscope\Program\T0.0.5\shinewinginspectiondll\CUDAMANRDLLSHADING\CUDAMANRDLL\pch.cpp(1169,66): warning C4244:             _Tp=int
E:\HanMei\Endscope\Program\T0.0.5\shinewinginspectiondll\CUDAMANRDLLSHADING\CUDAMANRDLL\pch.cpp(1169,66): warning C4244:         ]
E:\HanMei\Endscope\Program\T0.0.5\shinewinginspectiondll\CUDAMANRDLLSHADING\CUDAMANRDLL\pch.cpp(1169,41): warning C4244: “参数”: 从“double”转换到“_Tp”，可能丢失数据
E:\HanMei\Endscope\Program\T0.0.5\shinewinginspectiondll\CUDAMANRDLLSHADING\CUDAMANRDLL\pch.cpp(1169,41): warning C4244:         with
E:\HanMei\Endscope\Program\T0.0.5\shinewinginspectiondll\CUDAMANRDLLSHADING\CUDAMANRDLL\pch.cpp(1169,41): warning C4244:         [
E:\HanMei\Endscope\Program\T0.0.5\shinewinginspectiondll\CUDAMANRDLLSHADING\CUDAMANRDLL\pch.cpp(1169,41): warning C4244:             _Tp=int
E:\HanMei\Endscope\Program\T0.0.5\shinewinginspectiondll\CUDAMANRDLLSHADING\CUDAMANRDLL\pch.cpp(1169,41): warning C4244:         ]
E:\HanMei\Endscope\Program\T0.0.5\shinewinginspectiondll\CUDAMANRDLLSHADING\CUDAMANRDLL\pch.cpp(1170,103): warning C4244: “参数”: 从“double”转换到“_Tp”，可能丢失数据
E:\HanMei\Endscope\Program\T0.0.5\shinewinginspectiondll\CUDAMANRDLLSHADING\CUDAMANRDLL\pch.cpp(1170,103): warning C4244:         with
E:\HanMei\Endscope\Program\T0.0.5\shinewinginspectiondll\CUDAMANRDLLSHADING\CUDAMANRDLL\pch.cpp(1170,103): warning C4244:         [
E:\HanMei\Endscope\Program\T0.0.5\shinewinginspectiondll\CUDAMANRDLLSHADING\CUDAMANRDLL\pch.cpp(1170,103): warning C4244:             _Tp=int
E:\HanMei\Endscope\Program\T0.0.5\shinewinginspectiondll\CUDAMANRDLLSHADING\CUDAMANRDLL\pch.cpp(1170,103): warning C4244:         ]
E:\HanMei\Endscope\Program\T0.0.5\shinewinginspectiondll\CUDAMANRDLLSHADING\CUDAMANRDLL\pch.cpp(1170,88): warning C4244: “参数”: 从“double”转换到“_Tp”，可能丢失数据
E:\HanMei\Endscope\Program\T0.0.5\shinewinginspectiondll\CUDAMANRDLLSHADING\CUDAMANRDLL\pch.cpp(1170,88): warning C4244:         with
E:\HanMei\Endscope\Program\T0.0.5\shinewinginspectiondll\CUDAMANRDLLSHADING\CUDAMANRDLL\pch.cpp(1170,88): warning C4244:         [
E:\HanMei\Endscope\Program\T0.0.5\shinewinginspectiondll\CUDAMANRDLLSHADING\CUDAMANRDLL\pch.cpp(1170,88): warning C4244:             _Tp=int
E:\HanMei\Endscope\Program\T0.0.5\shinewinginspectiondll\CUDAMANRDLLSHADING\CUDAMANRDLL\pch.cpp(1170,88): warning C4244:         ]
E:\HanMei\Endscope\Program\T0.0.5\shinewinginspectiondll\CUDAMANRDLLSHADING\CUDAMANRDLL\pch.cpp(1170,66): warning C4244: “参数”: 从“double”转换到“_Tp”，可能丢失数据
E:\HanMei\Endscope\Program\T0.0.5\shinewinginspectiondll\CUDAMANRDLLSHADING\CUDAMANRDLL\pch.cpp(1170,66): warning C4244:         with
E:\HanMei\Endscope\Program\T0.0.5\shinewinginspectiondll\CUDAMANRDLLSHADING\CUDAMANRDLL\pch.cpp(1170,66): warning C4244:         [
E:\HanMei\Endscope\Program\T0.0.5\shinewinginspectiondll\CUDAMANRDLLSHADING\CUDAMANRDLL\pch.cpp(1170,66): warning C4244:             _Tp=int
E:\HanMei\Endscope\Program\T0.0.5\shinewinginspectiondll\CUDAMANRDLLSHADING\CUDAMANRDLL\pch.cpp(1170,66): warning C4244:         ]
E:\HanMei\Endscope\Program\T0.0.5\shinewinginspectiondll\CUDAMANRDLLSHADING\CUDAMANRDLL\pch.cpp(1170,41): warning C4244: “参数”: 从“double”转换到“_Tp”，可能丢失数据
E:\HanMei\Endscope\Program\T0.0.5\shinewinginspectiondll\CUDAMANRDLLSHADING\CUDAMANRDLL\pch.cpp(1170,41): warning C4244:         with
E:\HanMei\Endscope\Program\T0.0.5\shinewinginspectiondll\CUDAMANRDLLSHADING\CUDAMANRDLL\pch.cpp(1170,41): warning C4244:         [
E:\HanMei\Endscope\Program\T0.0.5\shinewinginspectiondll\CUDAMANRDLLSHADING\CUDAMANRDLL\pch.cpp(1170,41): warning C4244:             _Tp=int
E:\HanMei\Endscope\Program\T0.0.5\shinewinginspectiondll\CUDAMANRDLLSHADING\CUDAMANRDLL\pch.cpp(1170,41): warning C4244:         ]
E:\HanMei\Endscope\Program\T0.0.5\shinewinginspectiondll\CUDAMANRDLLSHADING\CUDAMANRDLL\pch.cpp(1171,103): warning C4244: “参数”: 从“double”转换到“_Tp”，可能丢失数据
E:\HanMei\Endscope\Program\T0.0.5\shinewinginspectiondll\CUDAMANRDLLSHADING\CUDAMANRDLL\pch.cpp(1171,103): warning C4244:         with
E:\HanMei\Endscope\Program\T0.0.5\shinewinginspectiondll\CUDAMANRDLLSHADING\CUDAMANRDLL\pch.cpp(1171,103): warning C4244:         [
E:\HanMei\Endscope\Program\T0.0.5\shinewinginspectiondll\CUDAMANRDLLSHADING\CUDAMANRDLL\pch.cpp(1171,103): warning C4244:             _Tp=int
E:\HanMei\Endscope\Program\T0.0.5\shinewinginspectiondll\CUDAMANRDLLSHADING\CUDAMANRDLL\pch.cpp(1171,103): warning C4244:         ]
E:\HanMei\Endscope\Program\T0.0.5\shinewinginspectiondll\CUDAMANRDLLSHADING\CUDAMANRDLL\pch.cpp(1171,88): warning C4244: “参数”: 从“double”转换到“_Tp”，可能丢失数据
E:\HanMei\Endscope\Program\T0.0.5\shinewinginspectiondll\CUDAMANRDLLSHADING\CUDAMANRDLL\pch.cpp(1171,88): warning C4244:         with
E:\HanMei\Endscope\Program\T0.0.5\shinewinginspectiondll\CUDAMANRDLLSHADING\CUDAMANRDLL\pch.cpp(1171,88): warning C4244:         [
E:\HanMei\Endscope\Program\T0.0.5\shinewinginspectiondll\CUDAMANRDLLSHADING\CUDAMANRDLL\pch.cpp(1171,88): warning C4244:             _Tp=int
E:\HanMei\Endscope\Program\T0.0.5\shinewinginspectiondll\CUDAMANRDLLSHADING\CUDAMANRDLL\pch.cpp(1171,88): warning C4244:         ]
E:\HanMei\Endscope\Program\T0.0.5\shinewinginspectiondll\CUDAMANRDLLSHADING\CUDAMANRDLL\pch.cpp(1171,66): warning C4244: “参数”: 从“double”转换到“_Tp”，可能丢失数据
E:\HanMei\Endscope\Program\T0.0.5\shinewinginspectiondll\CUDAMANRDLLSHADING\CUDAMANRDLL\pch.cpp(1171,66): warning C4244:         with
E:\HanMei\Endscope\Program\T0.0.5\shinewinginspectiondll\CUDAMANRDLLSHADING\CUDAMANRDLL\pch.cpp(1171,66): warning C4244:         [
E:\HanMei\Endscope\Program\T0.0.5\shinewinginspectiondll\CUDAMANRDLLSHADING\CUDAMANRDLL\pch.cpp(1171,66): warning C4244:             _Tp=int
E:\HanMei\Endscope\Program\T0.0.5\shinewinginspectiondll\CUDAMANRDLLSHADING\CUDAMANRDLL\pch.cpp(1171,66): warning C4244:         ]
E:\HanMei\Endscope\Program\T0.0.5\shinewinginspectiondll\CUDAMANRDLLSHADING\CUDAMANRDLL\pch.cpp(1171,41): warning C4244: “参数”: 从“double”转换到“_Tp”，可能丢失数据
E:\HanMei\Endscope\Program\T0.0.5\shinewinginspectiondll\CUDAMANRDLLSHADING\CUDAMANRDLL\pch.cpp(1171,41): warning C4244:         with
E:\HanMei\Endscope\Program\T0.0.5\shinewinginspectiondll\CUDAMANRDLLSHADING\CUDAMANRDLL\pch.cpp(1171,41): warning C4244:         [
E:\HanMei\Endscope\Program\T0.0.5\shinewinginspectiondll\CUDAMANRDLLSHADING\CUDAMANRDLL\pch.cpp(1171,41): warning C4244:             _Tp=int
E:\HanMei\Endscope\Program\T0.0.5\shinewinginspectiondll\CUDAMANRDLLSHADING\CUDAMANRDLL\pch.cpp(1171,41): warning C4244:         ]
E:\HanMei\Endscope\Program\T0.0.5\shinewinginspectiondll\CUDAMANRDLLSHADING\CUDAMANRDLL\pch.cpp(1172,103): warning C4244: “参数”: 从“double”转换到“_Tp”，可能丢失数据
E:\HanMei\Endscope\Program\T0.0.5\shinewinginspectiondll\CUDAMANRDLLSHADING\CUDAMANRDLL\pch.cpp(1172,103): warning C4244:         with
E:\HanMei\Endscope\Program\T0.0.5\shinewinginspectiondll\CUDAMANRDLLSHADING\CUDAMANRDLL\pch.cpp(1172,103): warning C4244:         [
E:\HanMei\Endscope\Program\T0.0.5\shinewinginspectiondll\CUDAMANRDLLSHADING\CUDAMANRDLL\pch.cpp(1172,103): warning C4244:             _Tp=int
E:\HanMei\Endscope\Program\T0.0.5\shinewinginspectiondll\CUDAMANRDLLSHADING\CUDAMANRDLL\pch.cpp(1172,103): warning C4244:         ]
E:\HanMei\Endscope\Program\T0.0.5\shinewinginspectiondll\CUDAMANRDLLSHADING\CUDAMANRDLL\pch.cpp(1172,88): warning C4244: “参数”: 从“double”转换到“_Tp”，可能丢失数据
E:\HanMei\Endscope\Program\T0.0.5\shinewinginspectiondll\CUDAMANRDLLSHADING\CUDAMANRDLL\pch.cpp(1172,88): warning C4244:         with
E:\HanMei\Endscope\Program\T0.0.5\shinewinginspectiondll\CUDAMANRDLLSHADING\CUDAMANRDLL\pch.cpp(1172,88): warning C4244:         [
E:\HanMei\Endscope\Program\T0.0.5\shinewinginspectiondll\CUDAMANRDLLSHADING\CUDAMANRDLL\pch.cpp(1172,88): warning C4244:             _Tp=int
E:\HanMei\Endscope\Program\T0.0.5\shinewinginspectiondll\CUDAMANRDLLSHADING\CUDAMANRDLL\pch.cpp(1172,88): warning C4244:         ]
E:\HanMei\Endscope\Program\T0.0.5\shinewinginspectiondll\CUDAMANRDLLSHADING\CUDAMANRDLL\pch.cpp(1172,66): warning C4244: “参数”: 从“double”转换到“_Tp”，可能丢失数据
E:\HanMei\Endscope\Program\T0.0.5\shinewinginspectiondll\CUDAMANRDLLSHADING\CUDAMANRDLL\pch.cpp(1172,66): warning C4244:         with
E:\HanMei\Endscope\Program\T0.0.5\shinewinginspectiondll\CUDAMANRDLLSHADING\CUDAMANRDLL\pch.cpp(1172,66): warning C4244:         [
E:\HanMei\Endscope\Program\T0.0.5\shinewinginspectiondll\CUDAMANRDLLSHADING\CUDAMANRDLL\pch.cpp(1172,66): warning C4244:             _Tp=int
E:\HanMei\Endscope\Program\T0.0.5\shinewinginspectiondll\CUDAMANRDLLSHADING\CUDAMANRDLL\pch.cpp(1172,66): warning C4244:         ]
E:\HanMei\Endscope\Program\T0.0.5\shinewinginspectiondll\CUDAMANRDLLSHADING\CUDAMANRDLL\pch.cpp(1172,41): warning C4244: “参数”: 从“double”转换到“_Tp”，可能丢失数据
E:\HanMei\Endscope\Program\T0.0.5\shinewinginspectiondll\CUDAMANRDLLSHADING\CUDAMANRDLL\pch.cpp(1172,41): warning C4244:         with
E:\HanMei\Endscope\Program\T0.0.5\shinewinginspectiondll\CUDAMANRDLLSHADING\CUDAMANRDLL\pch.cpp(1172,41): warning C4244:         [
E:\HanMei\Endscope\Program\T0.0.5\shinewinginspectiondll\CUDAMANRDLLSHADING\CUDAMANRDLL\pch.cpp(1172,41): warning C4244:             _Tp=int
E:\HanMei\Endscope\Program\T0.0.5\shinewinginspectiondll\CUDAMANRDLLSHADING\CUDAMANRDLL\pch.cpp(1172,41): warning C4244:         ]
E:\HanMei\Endscope\Program\T0.0.5\shinewinginspectiondll\CUDAMANRDLLSHADING\CUDAMANRDLL\pch.cpp(1173,103): warning C4244: “参数”: 从“double”转换到“_Tp”，可能丢失数据
E:\HanMei\Endscope\Program\T0.0.5\shinewinginspectiondll\CUDAMANRDLLSHADING\CUDAMANRDLL\pch.cpp(1173,103): warning C4244:         with
E:\HanMei\Endscope\Program\T0.0.5\shinewinginspectiondll\CUDAMANRDLLSHADING\CUDAMANRDLL\pch.cpp(1173,103): warning C4244:         [
E:\HanMei\Endscope\Program\T0.0.5\shinewinginspectiondll\CUDAMANRDLLSHADING\CUDAMANRDLL\pch.cpp(1173,103): warning C4244:             _Tp=int
E:\HanMei\Endscope\Program\T0.0.5\shinewinginspectiondll\CUDAMANRDLLSHADING\CUDAMANRDLL\pch.cpp(1173,103): warning C4244:         ]
E:\HanMei\Endscope\Program\T0.0.5\shinewinginspectiondll\CUDAMANRDLLSHADING\CUDAMANRDLL\pch.cpp(1173,88): warning C4244: “参数”: 从“double”转换到“_Tp”，可能丢失数据
E:\HanMei\Endscope\Program\T0.0.5\shinewinginspectiondll\CUDAMANRDLLSHADING\CUDAMANRDLL\pch.cpp(1173,88): warning C4244:         with
E:\HanMei\Endscope\Program\T0.0.5\shinewinginspectiondll\CUDAMANRDLLSHADING\CUDAMANRDLL\pch.cpp(1173,88): warning C4244:         [
E:\HanMei\Endscope\Program\T0.0.5\shinewinginspectiondll\CUDAMANRDLLSHADING\CUDAMANRDLL\pch.cpp(1173,88): warning C4244:             _Tp=int
E:\HanMei\Endscope\Program\T0.0.5\shinewinginspectiondll\CUDAMANRDLLSHADING\CUDAMANRDLL\pch.cpp(1173,88): warning C4244:         ]
E:\HanMei\Endscope\Program\T0.0.5\shinewinginspectiondll\CUDAMANRDLLSHADING\CUDAMANRDLL\pch.cpp(1173,66): warning C4244: “参数”: 从“double”转换到“_Tp”，可能丢失数据
E:\HanMei\Endscope\Program\T0.0.5\shinewinginspectiondll\CUDAMANRDLLSHADING\CUDAMANRDLL\pch.cpp(1173,66): warning C4244:         with
E:\HanMei\Endscope\Program\T0.0.5\shinewinginspectiondll\CUDAMANRDLLSHADING\CUDAMANRDLL\pch.cpp(1173,66): warning C4244:         [
E:\HanMei\Endscope\Program\T0.0.5\shinewinginspectiondll\CUDAMANRDLLSHADING\CUDAMANRDLL\pch.cpp(1173,66): warning C4244:             _Tp=int
E:\HanMei\Endscope\Program\T0.0.5\shinewinginspectiondll\CUDAMANRDLLSHADING\CUDAMANRDLL\pch.cpp(1173,66): warning C4244:         ]
E:\HanMei\Endscope\Program\T0.0.5\shinewinginspectiondll\CUDAMANRDLLSHADING\CUDAMANRDLL\pch.cpp(1173,41): warning C4244: “参数”: 从“double”转换到“_Tp”，可能丢失数据
E:\HanMei\Endscope\Program\T0.0.5\shinewinginspectiondll\CUDAMANRDLLSHADING\CUDAMANRDLL\pch.cpp(1173,41): warning C4244:         with
E:\HanMei\Endscope\Program\T0.0.5\shinewinginspectiondll\CUDAMANRDLLSHADING\CUDAMANRDLL\pch.cpp(1173,41): warning C4244:         [
E:\HanMei\Endscope\Program\T0.0.5\shinewinginspectiondll\CUDAMANRDLLSHADING\CUDAMANRDLL\pch.cpp(1173,41): warning C4244:             _Tp=int
E:\HanMei\Endscope\Program\T0.0.5\shinewinginspectiondll\CUDAMANRDLLSHADING\CUDAMANRDLL\pch.cpp(1173,41): warning C4244:         ]
E:\HanMei\Endscope\Program\T0.0.5\shinewinginspectiondll\CUDAMANRDLLSHADING\CUDAMANRDLL\pch.cpp(1300,6): warning C4273: “FigureCross”: dll 链接不一致
E:\HanMei\Endscope\Program\T0.0.5\shinewinginspectiondll\CUDAMANRDLLSHADING\CUDAMANRDLL\pch.cpp(1343,6): warning C4273: “FigureCorners”: dll 链接不一致
E:\HanMei\Endscope\Program\T0.0.5\shinewinginspectiondll\CUDAMANRDLLSHADING\CUDAMANRDLL\pch.cpp(1386,6): warning C4273: “FlipImage”: dll 链接不一致
E:\HanMei\Endscope\Program\T0.0.5\shinewinginspectiondll\CUDAMANRDLLSHADING\CUDAMANRDLL\pch.cpp(1812,6): warning C4273: “LensShading”: dll 链接不一致
E:\HanMei\Endscope\Program\T0.0.5\shinewinginspectiondll\CUDAMANRDLLSHADING\CUDAMANRDLL\pch.cpp(1904,6): warning C4273: “DeShading”: dll 链接不一致
E:\HanMei\Endscope\Program\T0.0.5\shinewinginspectiondll\CUDAMANRDLLSHADING\CUDAMANRDLL\pch.cpp(1988,5): warning C4273: “OpenSerialPort”: dll 链接不一致
E:\HanMei\Endscope\Program\T0.0.5\shinewinginspectiondll\CUDAMANRDLLSHADING\CUDAMANRDLL\pch.cpp(2021,5): warning C4273: “SetGain”: dll 链接不一致
E:\HanMei\Endscope\Program\T0.0.5\shinewinginspectiondll\CUDAMANRDLLSHADING\CUDAMANRDLL\pch.cpp(2031,51): warning C4267: “参数”: 从“size_t”转换到“unsigned int”，可能丢失数据
E:\HanMei\Endscope\Program\T0.0.5\shinewinginspectiondll\CUDAMANRDLLSHADING\CUDAMANRDLL\pch.cpp(2039,5): warning C4273: “SetExposure”: dll 链接不一致
E:\HanMei\Endscope\Program\T0.0.5\shinewinginspectiondll\CUDAMANRDLLSHADING\CUDAMANRDLL\pch.cpp(2049,51): warning C4267: “参数”: 从“size_t”转换到“unsigned int”，可能丢失数据
E:\HanMei\Endscope\Program\T0.0.5\shinewinginspectiondll\CUDAMANRDLLSHADING\CUDAMANRDLL\pch.cpp(2056,5): warning C4273: “SetCommand”: dll 链接不一致
E:\HanMei\Endscope\Program\T0.0.5\shinewinginspectiondll\CUDAMANRDLLSHADING\CUDAMANRDLL\pch.cpp(2080,62): warning C4267: “参数”: 从“size_t”转换到“unsigned int”，可能丢失数据
  SerialControl.cpp
LINK : warning LNK4075: 忽略“/INCREMENTAL”(由于“/FORCE”规范)
    正在创建库 E:\HanMei\Endscope\Program\T0.0.5\shinewinginspectiondll\CUDAMANRDLLSHADING\x64\Debug\CUDAMANRDLL.lib 和对象 E:\HanMei\Endscope\Program\T0.0.5\shinewinginspectiondll\CUDAMANRDLLSHADING\x64\Debug\CUDAMANRDLL.exp
  CUDAMANRDLL.vcxproj -> E:\HanMei\Endscope\Program\T0.0.5\shinewinginspectiondll\CUDAMANRDLLSHADING\x64\Debug\CUDAMANRDLL.dll
