e:\hanmei\endscope\program\t0.0.5\cudamanrdllshading\cudamanrdll\x64\debug\cudamanrdll.pch
e:\hanmei\endscope\program\t0.0.5\cudamanrdllshading\cudamanrdll\x64\debug\vc143.pdb
e:\hanmei\endscope\program\t0.0.5\cudamanrdllshading\cudamanrdll\x64\debug\vc143.idb
e:\hanmei\endscope\program\t0.0.5\cudamanrdllshading\cudamanrdll\x64\debug\dllmain.obj
e:\hanmei\endscope\program\t0.0.5\cudamanrdllshading\cudamanrdll\x64\debug\pch.obj
e:\hanmei\endscope\program\t0.0.5\cudamanrdllshading\cudamanrdll\x64\debug\serialcontrol.obj
e:\hanmei\endscope\program\t0.0.5\cudamanrdllshading\x64\debug\cudamanrdll.dll
e:\hanmei\endscope\program\t0.0.5\cudamanrdllshading\x64\debug\cudamanrdll.pdb
e:\hanmei\endscope\program\t0.0.5\cudamanrdllshading\x64\debug\cudamanrdll.lib
e:\hanmei\endscope\program\t0.0.5\cudamanrdllshading\x64\debug\cudamanrdll.exp
e:\hanmei\endscope\program\t0.0.5\shinewinginspectiondll\cudamanrdllshading\cudamanrdll\x64\debug\dllmain.obj
e:\hanmei\endscope\program\t0.0.5\shinewinginspectiondll\cudamanrdllshading\cudamanrdll\x64\debug\pch.obj
e:\hanmei\endscope\program\t0.0.5\shinewinginspectiondll\cudamanrdllshading\cudamanrdll\x64\debug\serialcontrol.obj
e:\hanmei\endscope\program\t0.0.5\shinewinginspectiondll\cudamanrdllshading\cudamanrdll\x64\debug\cudamanrdll.pch
e:\hanmei\endscope\program\t0.0.5\shinewinginspectiondll\cudamanrdllshading\cudamanrdll\x64\debug\vc143.idb
e:\hanmei\endscope\program\t0.0.5\shinewinginspectiondll\cudamanrdllshading\cudamanrdll\x64\debug\vc143.pdb
e:\hanmei\endscope\program\t0.0.5\shinewinginspectiondll\cudamanrdllshading\x64\debug\cudamanrdll.pdb
e:\hanmei\endscope\program\t0.0.5\shinewinginspectiondll\cudamanrdllshading\x64\debug\cudamanrdll.dll
e:\hanmei\endscope\program\t0.0.5\shinewinginspectiondll\cudamanrdllshading\cudamanrdll\x64\debug\cudamanrdll.tlog\cl.command.1.tlog
e:\hanmei\endscope\program\t0.0.5\shinewinginspectiondll\cudamanrdllshading\cudamanrdll\x64\debug\cudamanrdll.tlog\cl.items.tlog
e:\hanmei\endscope\program\t0.0.5\shinewinginspectiondll\cudamanrdllshading\cudamanrdll\x64\debug\cudamanrdll.tlog\cl.read.1.tlog
e:\hanmei\endscope\program\t0.0.5\shinewinginspectiondll\cudamanrdllshading\cudamanrdll\x64\debug\cudamanrdll.tlog\cl.write.1.tlog
e:\hanmei\endscope\program\t0.0.5\shinewinginspectiondll\cudamanrdllshading\cudamanrdll\x64\debug\cudamanrdll.tlog\link.command.1.tlog
e:\hanmei\endscope\program\t0.0.5\shinewinginspectiondll\cudamanrdllshading\cudamanrdll\x64\debug\cudamanrdll.tlog\link.read.1.tlog
e:\hanmei\endscope\program\t0.0.5\shinewinginspectiondll\cudamanrdllshading\cudamanrdll\x64\debug\cudamanrdll.tlog\link.secondary.1.tlog
e:\hanmei\endscope\program\t0.0.5\shinewinginspectiondll\cudamanrdllshading\cudamanrdll\x64\debug\cudamanrdll.tlog\link.write.1.tlog
